2023-02-23 14:17:48,313 This is my multiprocessing program
2023-02-23 14:20:27,421 No such comm target registered: jupyter.widget.control
2023-02-23 14:20:27,428 No such comm: 271b5331-a7c1-45f1-9e58-13254ecf6d46
2023-02-23 14:20:27,428 Current comms: []
2023-02-23 14:21:11,351 No such comm target registered: jupyter.widget.control
2023-02-23 14:21:11,353 No such comm: 40798825-86e8-4f87-8e77-240c9eb65689
2023-02-23 14:21:11,353 Current comms: []
2023-02-23 14:38:39,023 diff parser start
2023-02-23 14:38:39,023 line_lengths old: 1; new: 11
2023-02-23 14:38:39,024 -> code[replace] old[1:1] new[1:11]
2023-02-23 14:38:39,025 parse_part from 1 to 11 (to 10 in part parser)
2023-02-23 14:38:39,026 diff parser end
2023-02-23 14:39:07,683 diff parser start
2023-02-23 14:39:07,683 line_lengths old: 11; new: 10
2023-02-23 14:39:07,683 -> code[equal] old[1:9] new[1:9]
2023-02-23 14:39:07,684 copy old[1:4] new[1:4]
2023-02-23 14:39:07,684 parse_part from 5 to 5 (to 5 in part parser)
2023-02-23 14:39:07,685 parse_part from 6 to 10 (to 9 in part parser)
2023-02-23 14:39:07,685 -> code[replace] old[10:11] new[10:10]
2023-02-23 14:39:07,685 diff parser end
2023-02-23 14:39:14,860 This is my main program
2023-02-23 14:39:14,867 This is my multiprocessing program
2023-02-23 14:39:26,479 This is my multiprocessing program
2023-02-23 14:57:00,680 [1, 4, 9, 16, 25, 36, 49, 64, 81]
2023-02-23 14:58:19,625 [1, 4, 9, 16, 25, 36, 49, 64, 81]
2023-02-23 14:59:38,211 Returning square of nos. using Pool method where multiple process works simultaneously
2023-02-23 14:59:38,255 [1, 4, 9, 16, 25, 36, 49, 64, 81]
2023-02-23 15:00:23,781 Returning test result using Process method where next process starts after the previous process gets complete
2023-02-23 15:00:23,782 This is my main program
2023-02-23 15:00:23,789 This is my multiprocessing program
2023-02-23 15:00:26,040 Returning square of nos. using Pool method where multiple process works simultaneously
2023-02-23 15:00:26,086 [1, 4, 9, 16, 25, 36, 49, 64, 81]
2023-02-23 15:25:12,074 No such comm target registered: jupyter.widget.control
2023-02-23 15:25:12,078 No such comm: 1c642b36-9b1f-485c-89e0-6f43663d55c7
2023-02-23 15:25:12,078 Current comms: []
2023-02-23 15:25:42,816 Multiprocessing using queue.
2023-02-23 15:25:42,826 0
2023-02-23 15:25:42,830 1
2023-02-23 15:25:42,832 2
2023-02-23 15:25:42,834 3
2023-02-23 15:25:42,836 4
2023-02-23 15:25:42,838 5
2023-02-23 15:25:42,840 6
2023-02-23 15:25:42,842 7
2023-02-23 15:25:42,844 8
2023-02-23 15:25:42,845 9
2023-02-23 15:25:42,847 prateek
