2023-02-23 05:22:44,310 Program start 45
2023-02-23 05:28:51,836 Program start 45
2023-02-23 05:29:31,350 diff parser start
2023-02-23 05:29:31,350 line_lengths old: 2; new: 1
2023-02-23 05:29:31,350 -> code[replace] old[1:2] new[1:1]
2023-02-23 05:29:31,351 parse_part from 1 to 1 (to 0 in part parser)
2023-02-23 05:29:31,351 diff parser end
2023-02-23 05:32:13,813 Making thread
2023-02-23 05:32:32,515 Working of thread starts
2023-02-23 05:32:36,970 Working of thread starts
2023-02-23 05:32:36,971 Program start 0
2023-02-23 05:32:36,972 Program start 1
2023-02-23 05:32:36,973 Program start 2
2023-02-23 05:32:36,973 Program start 3
2023-02-23 05:32:36,973 Program start 4
2023-02-23 05:32:36,974 Program start 5
2023-02-23 05:32:36,974 Program start 6
2023-02-23 05:32:36,974 Program start 7
2023-02-23 05:32:36,974 Program start 8
2023-02-23 05:32:36,974 Program start 9
2023-02-23 05:33:14,450 Working of thread starts
2023-02-23 05:33:53,770 Working of thread starts
2023-02-23 05:34:01,951 Working of thread starts
2023-02-23 05:34:10,911 Working of thread starts
2023-02-23 05:34:10,911 Inside for loop for <Thread(Thread-15 (test), stopped 140294999750208)>th iteration
2023-02-23 05:34:58,265 No such comm target registered: jupyter.widget.control
2023-02-23 05:34:58,271 No such comm: e5d62c02-c0dc-4ea6-b306-90851678e9c1
2023-02-23 05:34:58,271 Current comms: []
2023-02-23 05:35:05,271 Working of thread starts
2023-02-23 05:35:20,326 Making thread
2023-02-23 05:35:22,026 Working of thread starts
2023-02-23 05:35:22,027 Program start 0
2023-02-23 05:35:22,028 Program start 1
2023-02-23 05:35:22,029 Program start 2
2023-02-23 05:35:22,029 Program start 3
2023-02-23 05:35:22,029 Program start 4
2023-02-23 05:35:22,029 Program start 5
2023-02-23 05:35:22,030 Program start 6
2023-02-23 05:35:22,030 Program start 7
2023-02-23 05:35:22,030 Program start 8
2023-02-23 05:35:22,030 Program start 9
2023-02-23 05:35:26,706 Working of thread starts
2023-02-23 05:35:26,707 Inside for loop for <Thread(Thread-25 (test), stopped 140294999750208)>th iteration
2023-02-23 05:35:52,372 Working of thread starts
2023-02-23 05:35:52,372 Thread is running
2023-02-23 05:35:56,966 Working of thread starts
2023-02-23 05:35:59,306 Making thread
2023-02-23 05:36:00,666 Working of thread starts
2023-02-23 05:36:00,667 Program start 0
2023-02-23 05:36:00,668 Program start 1
2023-02-23 05:36:00,669 Program start 2
2023-02-23 05:36:00,669 Program start 3
2023-02-23 05:36:00,669 Program start 4
2023-02-23 05:36:00,670 Program start 5
2023-02-23 05:36:00,670 Program start 6
2023-02-23 05:36:00,670 Program start 7
2023-02-23 05:36:00,670 Program start 8
2023-02-23 05:36:00,670 Program start 9
2023-02-23 05:36:14,636 Making thread
2023-02-23 05:36:16,006 Working of thread starts
2023-02-23 05:36:16,007 Thread is running
2023-02-23 05:36:16,007 Program start 0
2023-02-23 05:36:16,007 Thread is running
2023-02-23 05:36:16,008 Program start 1
2023-02-23 05:36:16,008 Thread is running
2023-02-23 05:36:16,008 Program start 2
2023-02-23 05:36:16,009 Thread is running
2023-02-23 05:36:16,009 Program start 3
2023-02-23 05:36:16,009 Thread is running
2023-02-23 05:36:16,009 Program start 4
2023-02-23 05:36:16,010 Thread is running
2023-02-23 05:36:16,010 Program start 5
2023-02-23 05:36:16,010 Thread is running
2023-02-23 05:36:16,010 Program start 6
2023-02-23 05:36:16,011 Thread is running
2023-02-23 05:36:16,011 Program start 7
2023-02-23 05:36:16,011 Thread is running
2023-02-23 05:36:16,011 Program start 8
2023-02-23 05:36:16,011 Thread is running
2023-02-23 05:36:16,011 Program start 9
2023-02-23 05:37:00,506 Making thread
2023-02-23 05:37:01,416 Working of thread starts
2023-02-23 05:37:22,546 Working of thread starts
2023-02-23 05:37:22,547 Thread is running
2023-02-23 05:37:22,547 Program start 0
2023-02-23 05:37:22,548 Thread is running
2023-02-23 05:37:22,548 Program start 1
2023-02-23 05:37:22,549 Thread is running
2023-02-23 05:37:22,549 Program start 2
2023-02-23 05:37:22,550 Thread is running
2023-02-23 05:37:22,551 Program start 3
2023-02-23 05:37:22,551 Thread is running
2023-02-23 05:37:22,552 Program start 4
2023-02-23 05:37:22,552 Thread is running
2023-02-23 05:37:22,552 Program start 5
2023-02-23 05:37:22,552 Thread is running
2023-02-23 05:37:22,552 Program start 6
2023-02-23 05:37:22,552 Thread is running
2023-02-23 05:37:22,553 Program start 7
2023-02-23 05:37:22,553 Thread is running
2023-02-23 05:37:22,554 Program start 8
2023-02-23 05:37:22,554 Thread is running
2023-02-23 05:37:22,554 Program start 9
2023-02-23 05:37:45,046 See for threads
2023-02-23 05:37:59,186 See for threads
2023-02-23 05:37:59,187 [<Thread(Thread-55 (test), stopped 140294544672320)>, <Thread(Thread-56 (test), stopped 140294544672320)>, <Thread(Thread-57 (test), stopped 140294544672320)>, <Thread(Thread-58 (test), stopped 140294544672320)>, <Thread(Thread-59 (test), stopped 140294544672320)>, <Thread(Thread-60 (test), stopped 140294544672320)>, <Thread(Thread-61 (test), stopped 140294544672320)>, <Thread(Thread-62 (test), stopped 140294544672320)>, <Thread(Thread-63 (test), stopped 140294544672320)>, <Thread(Thread-64 (test), stopped 140294544672320)>]
2023-02-23 05:38:08,586 See for threads
2023-02-23 05:38:08,587 [<Thread(Thread-55 (test), stopped 140294544672320)>, <Thread(Thread-56 (test), stopped 140294544672320)>, <Thread(Thread-57 (test), stopped 140294544672320)>, <Thread(Thread-58 (test), stopped 140294544672320)>, <Thread(Thread-59 (test), stopped 140294544672320)>, <Thread(Thread-60 (test), stopped 140294544672320)>, <Thread(Thread-61 (test), stopped 140294544672320)>, <Thread(Thread-62 (test), stopped 140294544672320)>, <Thread(Thread-63 (test), stopped 140294544672320)>, <Thread(Thread-64 (test), stopped 140294544672320)>]
2023-02-23 05:38:14,166 See for threads
2023-02-23 05:38:14,167 [<Thread(Thread-55 (test), stopped 140294544672320)>, <Thread(Thread-56 (test), stopped 140294544672320)>, <Thread(Thread-57 (test), stopped 140294544672320)>, <Thread(Thread-58 (test), stopped 140294544672320)>, <Thread(Thread-59 (test), stopped 140294544672320)>, <Thread(Thread-60 (test), stopped 140294544672320)>, <Thread(Thread-61 (test), stopped 140294544672320)>, <Thread(Thread-62 (test), stopped 140294544672320)>, <Thread(Thread-63 (test), stopped 140294544672320)>, <Thread(Thread-64 (test), stopped 140294544672320)>]
2023-02-23 05:39:46,436 140294981514304
2023-02-23 05:43:34,392 No such comm target registered: jupyter.widget.control
2023-02-23 05:43:34,395 No such comm: 3e9d75b4-46c8-4398-8e08-dbd04dda1430
2023-02-23 05:43:34,395 Current comms: []
2023-02-23 05:46:30,200 diff parser start
2023-02-23 05:46:30,200 line_lengths old: 1; new: 2
2023-02-23 05:46:30,200 -> code[replace] old[1:1] new[1:2]
2023-02-23 05:46:30,201 parse_part from 1 to 2 (to 1 in part parser)
2023-02-23 05:46:30,201 diff parser end
2023-02-23 05:54:59,702 No such comm target registered: jupyter.widget.control
2023-02-23 05:54:59,706 No such comm: 9b7a27c4-3f84-472a-aebb-9871bca0d568
2023-02-23 05:54:59,706 Current comms: []
2023-02-23 05:58:48,576 Runnint the file_download function separately
2023-02-23 05:59:48,507 Runnint the file_download function separately
2023-02-23 05:59:54,296 Runnint the file_download function separately
2023-02-23 05:59:54,418 The file on the given url has been copied to text.txt
2023-02-23 06:04:20,870 Now Fetching multiple files
2023-02-23 06:04:20,871 ['https://raw.githubusercontent.com/itsfoss/text-files/master/agatha.txt', 'https://raw.githubusercontent.com/itsfoss/text-files/master/sherlock.txt', 'https://raw.githubusercontent.com/itsfoss/text-files/master/sherlock.txt']
2023-02-23 06:04:34,990 Making list of files
2023-02-23 06:05:21,454 Making list of files
2023-02-23 06:05:21,455 ['data1.txt', 'data2.txt', 'data3.txt']
2023-02-23 06:08:19,757 Making thread
2023-02-23 06:08:34,036 Making thread
2023-02-23 06:08:34,037 new_thread created
2023-02-23 06:08:54,360 [<Thread(Thread-68 (file_download), initial)>, <Thread(Thread-69 (file_download), initial)>, <Thread(Thread-70 (file_download), initial)>]
2023-02-23 06:09:24,455 Running thread
2023-02-23 06:10:20,010 new_thread over
2023-02-23 06:11:02,230 [<Thread(Thread-68 (file_download), stopped 140294544672320)>, <Thread(Thread-69 (file_download), stopped 140294553065024)>, <Thread(Thread-70 (file_download), stopped 140294561457728)>]
2023-02-23 06:13:33,685 Program start 1
2023-02-23 06:13:40,500 test1 1 printing 0
2023-02-23 06:13:41,503 test1 1 printing 1
2023-02-23 06:13:42,504 test1 1 printing 2
2023-02-23 06:13:43,505 test1 1 printing 3
2023-02-23 06:13:44,507 test1 1 printing 4
2023-02-23 06:13:45,508 test1 1 printing 5
2023-02-23 06:13:46,509 test1 1 printing 6
2023-02-23 06:13:47,511 test1 1 printing 7
2023-02-23 06:13:48,512 test1 1 printing 8
2023-02-23 06:13:49,513 test1 1 printing 9
2023-02-23 06:14:27,955 test1 1 printing 0
2023-02-23 06:14:28,957 test1 1 printing 1
2023-02-23 06:14:29,958 test1 1 printing 2
2023-02-23 06:14:30,959 test1 1 printing 3
2023-02-23 06:14:31,960 test1 1 printing 4
2023-02-23 06:14:32,961 test1 1 printing 5
2023-02-23 06:14:33,963 test1 1 printing 6
2023-02-23 06:14:34,964 test1 1 printing 7
2023-02-23 06:14:35,965 test1 1 printing 8
2023-02-23 06:14:36,966 test1 1 printing 9
2023-02-23 06:14:37,968 None
2023-02-23 06:14:37,968 test1 1 printing 0
2023-02-23 06:14:38,969 test1 1 printing 1
2023-02-23 06:14:39,971 test1 1 printing 2
2023-02-23 06:14:40,972 test1 1 printing 3
2023-02-23 06:14:41,973 test1 1 printing 4
2023-02-23 06:14:42,974 test1 1 printing 5
2023-02-23 06:14:43,976 test1 1 printing 6
2023-02-23 06:14:44,977 test1 1 printing 7
2023-02-23 06:14:45,978 test1 1 printing 8
2023-02-23 06:14:46,980 test1 1 printing 9
2023-02-23 06:18:44,671 Making new thread3
2023-02-23 06:19:14,864 Running thread 3
2023-02-23 06:19:14,865 test1 0 printing 0
2023-02-23 06:19:14,866 test1 1 printing 0
2023-02-23 06:19:14,867 test1 2 printing 0
2023-02-23 06:19:15,866 test1 0 printing 1
2023-02-23 06:19:15,868 test1 1 printing 1
2023-02-23 06:19:15,868 test1 2 printing 1
2023-02-23 06:19:16,868 test1 0 printing 2
2023-02-23 06:19:16,869 test1 1 printing 2
2023-02-23 06:19:16,869 test1 2 printing 2
2023-02-23 06:19:17,869 test1 0 printing 3
2023-02-23 06:19:17,870 test1 1 printing 3
2023-02-23 06:19:17,871 test1 2 printing 3
2023-02-23 06:19:18,870 test1 0 printing 4
2023-02-23 06:19:18,872 test1 1 printing 4
2023-02-23 06:19:18,872 test1 2 printing 4
2023-02-23 06:19:19,872 test1 0 printing 5
2023-02-23 06:19:19,873 test1 1 printing 5
2023-02-23 06:19:19,873 test1 2 printing 5
2023-02-23 06:19:20,873 test1 0 printing 6
2023-02-23 06:19:20,875 test1 1 printing 6
2023-02-23 06:19:20,875 test1 2 printing 6
2023-02-23 06:19:21,875 test1 0 printing 7
2023-02-23 06:19:21,876 test1 1 printing 7
2023-02-23 06:19:21,876 test1 2 printing 7
2023-02-23 06:19:22,876 test1 0 printing 8
2023-02-23 06:19:22,877 test1 1 printing 8
2023-02-23 06:19:22,878 test1 2 printing 8
2023-02-23 06:19:23,877 test1 0 printing 9
2023-02-23 06:19:23,879 test1 1 printing 9
2023-02-23 06:19:23,879 test1 2 printing 9
2023-02-23 06:32:17,969 Making new function which don't have sleep time
2023-02-23 06:32:34,694 Making new thread without sleep time
2023-02-23 06:33:27,914 Running new thread4
2023-02-23 06:34:32,648 Running new thread4
2023-02-23 06:34:32,649 test2 0 printing 0
2023-02-23 06:34:32,649 test2 0 printing 1
2023-02-23 06:34:32,649 test2 0 printing 2
2023-02-23 06:34:32,649 test2 0 printing 3
2023-02-23 06:34:32,650 test2 0 printing 4
2023-02-23 06:34:32,650 test2 0 printing 5
2023-02-23 06:34:32,650 test2 0 printing 6
2023-02-23 06:34:32,650 test2 0 printing 7
2023-02-23 06:34:32,650 test2 0 printing 8
2023-02-23 06:34:32,650 test2 0 printing 9
2023-02-23 06:34:32,650 test2 1 printing 0
2023-02-23 06:34:32,651 test2 2 printing 0
2023-02-23 06:34:32,651 test2 1 printing 1
2023-02-23 06:34:32,651 test2 2 printing 1
2023-02-23 06:34:32,653 test2 2 printing 2
2023-02-23 06:34:32,653 test2 1 printing 2
2023-02-23 06:34:32,654 test2 2 printing 3
2023-02-23 06:34:32,654 test2 1 printing 3
2023-02-23 06:34:32,654 test2 2 printing 4
2023-02-23 06:34:32,656 test2 1 printing 4
2023-02-23 06:34:32,657 test2 2 printing 5
2023-02-23 06:34:32,657 test2 1 printing 5
2023-02-23 06:34:32,658 test2 2 printing 6
2023-02-23 06:34:32,658 test2 1 printing 6
2023-02-23 06:34:32,658 test2 2 printing 7
2023-02-23 06:34:32,658 test2 1 printing 7
2023-02-23 06:34:32,658 test2 2 printing 8
2023-02-23 06:34:32,658 test2 1 printing 8
2023-02-23 06:34:32,659 test2 2 printing 9
2023-02-23 06:34:32,659 test2 1 printing 9
2023-02-23 06:36:21,988 diff parser start
2023-02-23 06:36:21,989 line_lengths old: 2; new: 3
2023-02-23 06:36:21,989 -> code[replace] old[1:2] new[1:3]
2023-02-23 06:36:21,990 parse_part from 1 to 3 (to 2 in part parser)
2023-02-23 06:36:21,990 diff parser end
2023-02-23 06:36:30,393 test1 1 printing 0 Thu Feb 23 06:36:30 2023
2023-02-23 06:36:31,395 test1 1 printing 1 Thu Feb 23 06:36:31 2023
2023-02-23 06:36:32,396 test1 1 printing 2 Thu Feb 23 06:36:32 2023
2023-02-23 06:36:33,397 test1 1 printing 3 Thu Feb 23 06:36:33 2023
2023-02-23 06:36:34,398 test1 1 printing 4 Thu Feb 23 06:36:34 2023
2023-02-23 06:36:35,400 test1 1 printing 5 Thu Feb 23 06:36:35 2023
2023-02-23 06:36:36,401 test1 1 printing 6 Thu Feb 23 06:36:36 2023
2023-02-23 06:36:37,402 test1 1 printing 7 Thu Feb 23 06:36:37 2023
2023-02-23 06:36:38,404 test1 1 printing 8 Thu Feb 23 06:36:38 2023
2023-02-23 06:36:39,405 test1 1 printing 9 Thu Feb 23 06:36:39 2023
2023-02-23 06:36:40,406 None
2023-02-23 06:36:40,407 test1 1 printing 0 Thu Feb 23 06:36:40 2023
2023-02-23 06:36:41,408 test1 1 printing 1 Thu Feb 23 06:36:41 2023
2023-02-23 06:36:42,409 test1 1 printing 2 Thu Feb 23 06:36:42 2023
2023-02-23 06:36:43,411 test1 1 printing 3 Thu Feb 23 06:36:43 2023
2023-02-23 06:36:44,412 test1 1 printing 4 Thu Feb 23 06:36:44 2023
2023-02-23 06:36:45,413 test1 1 printing 5 Thu Feb 23 06:36:45 2023
2023-02-23 06:36:46,414 test1 1 printing 6 Thu Feb 23 06:36:46 2023
2023-02-23 06:36:47,416 test1 1 printing 7 Thu Feb 23 06:36:47 2023
2023-02-23 06:36:48,417 test1 1 printing 8 Thu Feb 23 06:36:48 2023
2023-02-23 06:36:49,418 test1 1 printing 9 Thu Feb 23 06:36:49 2023
2023-02-23 06:36:55,073 test1 1 printing 0 Thu Feb 23 06:36:55 2023
2023-02-23 06:36:56,075 test1 1 printing 1 Thu Feb 23 06:36:56 2023
2023-02-23 06:36:57,076 test1 1 printing 2 Thu Feb 23 06:36:57 2023
2023-02-23 06:36:58,077 test1 1 printing 3 Thu Feb 23 06:36:58 2023
2023-02-23 06:36:59,079 test1 1 printing 4 Thu Feb 23 06:36:59 2023
2023-02-23 06:37:00,080 test1 1 printing 5 Thu Feb 23 06:37:00 2023
2023-02-23 06:37:01,081 test1 1 printing 6 Thu Feb 23 06:37:01 2023
2023-02-23 06:37:02,083 test1 1 printing 7 Thu Feb 23 06:37:02 2023
2023-02-23 06:37:03,084 test1 1 printing 8 Thu Feb 23 06:37:03 2023
2023-02-23 06:37:04,085 test1 1 printing 9 Thu Feb 23 06:37:04 2023
2023-02-23 06:37:05,086 None
2023-02-23 06:37:05,087 test1 1 printing 0 Thu Feb 23 06:37:05 2023
2023-02-23 06:37:06,088 test1 1 printing 1 Thu Feb 23 06:37:06 2023
2023-02-23 06:37:07,089 test1 1 printing 2 Thu Feb 23 06:37:07 2023
2023-02-23 06:37:08,091 test1 1 printing 3 Thu Feb 23 06:37:08 2023
2023-02-23 06:37:09,092 test1 1 printing 4 Thu Feb 23 06:37:09 2023
2023-02-23 06:37:10,093 test1 1 printing 5 Thu Feb 23 06:37:10 2023
2023-02-23 06:37:11,094 test1 1 printing 6 Thu Feb 23 06:37:11 2023
2023-02-23 06:37:12,096 test1 1 printing 7 Thu Feb 23 06:37:12 2023
2023-02-23 06:37:13,097 test1 1 printing 8 Thu Feb 23 06:37:13 2023
2023-02-23 06:37:14,098 test1 1 printing 9 Thu Feb 23 06:37:14 2023
2023-02-23 06:38:11,369 Making new function which don't have sleep time
2023-02-23 06:38:15,619 Making new thread without sleep time
2023-02-23 06:38:17,088 Running new thread4
2023-02-23 06:38:17,089 test2 0 printing 0 Thu Feb 23 06:38:17 2023
2023-02-23 06:38:17,090 test2 0 printing 1 Thu Feb 23 06:38:17 2023
2023-02-23 06:38:17,090 test2 0 printing 2 Thu Feb 23 06:38:17 2023
2023-02-23 06:38:17,090 test2 0 printing 3 Thu Feb 23 06:38:17 2023
2023-02-23 06:38:17,090 test2 0 printing 4 Thu Feb 23 06:38:17 2023
2023-02-23 06:38:17,090 test2 0 printing 5 Thu Feb 23 06:38:17 2023
2023-02-23 06:38:17,090 test2 0 printing 6 Thu Feb 23 06:38:17 2023
2023-02-23 06:38:17,090 test2 0 printing 7 Thu Feb 23 06:38:17 2023
2023-02-23 06:38:17,090 test2 1 printing 0 Thu Feb 23 06:38:17 2023
2023-02-23 06:38:17,090 test2 0 printing 8 Thu Feb 23 06:38:17 2023
2023-02-23 06:38:17,091 test2 1 printing 1 Thu Feb 23 06:38:17 2023
2023-02-23 06:38:17,091 test2 2 printing 0 Thu Feb 23 06:38:17 2023
2023-02-23 06:38:17,091 test2 0 printing 9 Thu Feb 23 06:38:17 2023
2023-02-23 06:38:17,093 test2 1 printing 2 Thu Feb 23 06:38:17 2023
2023-02-23 06:38:17,095 test2 2 printing 1 Thu Feb 23 06:38:17 2023
2023-02-23 06:38:17,095 test2 1 printing 3 Thu Feb 23 06:38:17 2023
2023-02-23 06:38:17,096 test2 2 printing 2 Thu Feb 23 06:38:17 2023
2023-02-23 06:38:17,096 test2 1 printing 4 Thu Feb 23 06:38:17 2023
2023-02-23 06:38:17,097 test2 1 printing 5 Thu Feb 23 06:38:17 2023
2023-02-23 06:38:17,097 test2 1 printing 6 Thu Feb 23 06:38:17 2023
2023-02-23 06:38:17,097 test2 1 printing 7 Thu Feb 23 06:38:17 2023
2023-02-23 06:38:17,097 test2 1 printing 8 Thu Feb 23 06:38:17 2023
2023-02-23 06:38:17,097 test2 2 printing 3 Thu Feb 23 06:38:17 2023
2023-02-23 06:38:17,097 test2 1 printing 9 Thu Feb 23 06:38:17 2023
2023-02-23 06:38:17,097 test2 2 printing 4 Thu Feb 23 06:38:17 2023
2023-02-23 06:38:17,097 test2 2 printing 5 Thu Feb 23 06:38:17 2023
2023-02-23 06:38:17,097 test2 2 printing 6 Thu Feb 23 06:38:17 2023
2023-02-23 06:38:17,097 test2 2 printing 7 Thu Feb 23 06:38:17 2023
2023-02-23 06:38:17,097 test2 2 printing 8 Thu Feb 23 06:38:17 2023
2023-02-23 06:38:17,097 test2 2 printing 9 Thu Feb 23 06:38:17 2023
2023-02-23 06:38:42,289 Making new thread3
2023-02-23 06:38:43,313 Running thread 3
2023-02-23 06:38:43,314 test1 0 printing 0 Thu Feb 23 06:38:43 2023
2023-02-23 06:38:43,315 test1 1 printing 0 Thu Feb 23 06:38:43 2023
2023-02-23 06:38:43,315 test1 2 printing 0 Thu Feb 23 06:38:43 2023
2023-02-23 06:38:44,315 test1 0 printing 1 Thu Feb 23 06:38:44 2023
2023-02-23 06:38:44,315 test1 1 printing 1 Thu Feb 23 06:38:44 2023
2023-02-23 06:38:44,317 test1 2 printing 1 Thu Feb 23 06:38:44 2023
2023-02-23 06:38:45,317 test1 1 printing 2 Thu Feb 23 06:38:45 2023
2023-02-23 06:38:45,317 test1 0 printing 2 Thu Feb 23 06:38:45 2023
2023-02-23 06:38:45,317 test1 2 printing 2 Thu Feb 23 06:38:45 2023
2023-02-23 06:38:46,319 test1 0 printing 3 Thu Feb 23 06:38:46 2023
2023-02-23 06:38:46,319 test1 1 printing 3 Thu Feb 23 06:38:46 2023
2023-02-23 06:38:46,319 test1 2 printing 3 Thu Feb 23 06:38:46 2023
2023-02-23 06:38:47,321 test1 0 printing 4 Thu Feb 23 06:38:47 2023
2023-02-23 06:38:47,321 test1 1 printing 4 Thu Feb 23 06:38:47 2023
2023-02-23 06:38:47,321 test1 2 printing 4 Thu Feb 23 06:38:47 2023
2023-02-23 06:38:48,322 test1 1 printing 5 Thu Feb 23 06:38:48 2023
2023-02-23 06:38:48,323 test1 0 printing 5 Thu Feb 23 06:38:48 2023
2023-02-23 06:38:48,323 test1 2 printing 5 Thu Feb 23 06:38:48 2023
2023-02-23 06:38:49,324 test1 1 printing 6 Thu Feb 23 06:38:49 2023
2023-02-23 06:38:49,324 test1 2 printing 6 Thu Feb 23 06:38:49 2023
2023-02-23 06:38:49,324 test1 0 printing 6 Thu Feb 23 06:38:49 2023
2023-02-23 06:38:50,326 test1 1 printing 7 Thu Feb 23 06:38:50 2023
2023-02-23 06:38:50,326 test1 2 printing 7 Thu Feb 23 06:38:50 2023
2023-02-23 06:38:50,326 test1 0 printing 7 Thu Feb 23 06:38:50 2023
2023-02-23 06:38:51,328 test1 1 printing 8 Thu Feb 23 06:38:51 2023
2023-02-23 06:38:51,328 test1 2 printing 8 Thu Feb 23 06:38:51 2023
2023-02-23 06:38:51,328 test1 0 printing 8 Thu Feb 23 06:38:51 2023
2023-02-23 06:38:52,329 test1 1 printing 9 Thu Feb 23 06:38:52 2023
2023-02-23 06:38:52,330 test1 2 printing 9 Thu Feb 23 06:38:52 2023
2023-02-23 06:38:52,330 test1 0 printing 9 Thu Feb 23 06:38:52 2023
2023-02-23 06:40:02,890 Making program using shared resources
2023-02-23 06:40:15,569 Making program using shared resources
2023-02-23 06:41:30,068 diff parser start
2023-02-23 06:41:30,068 line_lengths old: 3; new: 3
2023-02-23 06:41:30,068 -> code[replace] old[1:3] new[1:3]
2023-02-23 06:41:30,069 parse_part from 1 to 3 (to 2 in part parser)
2023-02-23 06:41:30,069 diff parser end
2023-02-23 06:41:40,098 diff parser start
2023-02-23 06:41:40,098 line_lengths old: 3; new: 4
2023-02-23 06:41:40,098 -> code[equal] old[1:2] new[1:2]
2023-02-23 06:41:40,099 copy old[1:2] new[1:2]
2023-02-23 06:41:40,099 -> code[replace] old[3:3] new[3:4]
2023-02-23 06:41:40,100 parse_part from 3 to 4 (to 3 in part parser)
2023-02-23 06:41:40,100 diff parser end
2023-02-23 06:42:39,177 diff parser start
2023-02-23 06:42:39,178 line_lengths old: 4; new: 5
2023-02-23 06:42:39,178 -> code[equal] old[1:3] new[1:3]
2023-02-23 06:42:39,178 copy old[1:3] new[1:2]
2023-02-23 06:42:39,179 parse_part from 3 to 5 (to 4 in part parser)
2023-02-23 06:42:39,179 -> code[replace] old[4:4] new[4:5]
2023-02-23 06:42:39,180 diff parser end
2023-02-23 06:44:26,628 Making thread 5
2023-02-23 06:44:46,118 Making thread 5
2023-02-23 06:44:57,473 [<Thread(Thread-86 (test2), initial)>, <Thread(Thread-87 (test2), initial)>, <Thread(Thread-88 (test2), initial)>]
2023-02-23 06:45:37,573 diff parser start
2023-02-23 06:45:37,573 line_lengths old: 5; new: 1
2023-02-23 06:45:37,573 -> code[replace] old[1:5] new[1:1]
2023-02-23 06:45:37,574 parse_part from 1 to 1 (to 0 in part parser)
2023-02-23 06:45:37,574 diff parser end
2023-02-23 06:48:09,869 Running thread 5
2023-02-23 06:48:40,688 Making thread 5
2023-02-23 06:48:41,933 [<Thread(Thread-89 (test2), initial)>, <Thread(Thread-90 (test2), initial)>, <Thread(Thread-91 (test2), initial)>]
2023-02-23 06:48:43,388 Running thread 5
2023-02-23 06:48:43,389 test2 0 printing 0 Thu Feb 23 06:48:43 2023
2023-02-23 06:48:43,390 test2 0 printing 1 Thu Feb 23 06:48:43 2023
2023-02-23 06:48:43,390 test2 0 printing 2 Thu Feb 23 06:48:43 2023
2023-02-23 06:48:43,390 test2 0 printing 3 Thu Feb 23 06:48:43 2023
2023-02-23 06:48:43,390 test2 0 printing 4 Thu Feb 23 06:48:43 2023
2023-02-23 06:48:43,390 test2 0 printing 5 Thu Feb 23 06:48:43 2023
2023-02-23 06:48:43,390 test2 0 printing 6 Thu Feb 23 06:48:43 2023
2023-02-23 06:48:43,390 test2 0 printing 7 Thu Feb 23 06:48:43 2023
2023-02-23 06:48:43,390 test2 0 printing 8 Thu Feb 23 06:48:43 2023
2023-02-23 06:48:43,390 test2 0 printing 9 Thu Feb 23 06:48:43 2023
2023-02-23 06:48:43,391 test2 1 printing 0 Thu Feb 23 06:48:43 2023
2023-02-23 06:48:43,391 test2 1 printing 1 Thu Feb 23 06:48:43 2023
2023-02-23 06:48:43,391 test2 1 printing 2 Thu Feb 23 06:48:43 2023
2023-02-23 06:48:43,391 test2 1 printing 3 Thu Feb 23 06:48:43 2023
2023-02-23 06:48:43,391 test2 1 printing 4 Thu Feb 23 06:48:43 2023
2023-02-23 06:48:43,391 test2 1 printing 5 Thu Feb 23 06:48:43 2023
2023-02-23 06:48:43,391 test2 1 printing 6 Thu Feb 23 06:48:43 2023
2023-02-23 06:48:43,391 test2 1 printing 7 Thu Feb 23 06:48:43 2023
2023-02-23 06:48:43,391 test2 1 printing 8 Thu Feb 23 06:48:43 2023
2023-02-23 06:48:43,391 test2 1 printing 9 Thu Feb 23 06:48:43 2023
2023-02-23 06:48:43,392 test2 2 printing 0 Thu Feb 23 06:48:43 2023
2023-02-23 06:48:43,394 test2 2 printing 1 Thu Feb 23 06:48:43 2023
2023-02-23 06:48:43,394 test2 2 printing 2 Thu Feb 23 06:48:43 2023
2023-02-23 06:48:43,394 test2 2 printing 3 Thu Feb 23 06:48:43 2023
2023-02-23 06:48:43,394 test2 2 printing 4 Thu Feb 23 06:48:43 2023
2023-02-23 06:48:43,394 test2 2 printing 5 Thu Feb 23 06:48:43 2023
2023-02-23 06:48:43,394 test2 2 printing 6 Thu Feb 23 06:48:43 2023
2023-02-23 06:48:43,394 test2 2 printing 7 Thu Feb 23 06:48:43 2023
2023-02-23 06:48:43,395 test2 2 printing 8 Thu Feb 23 06:48:43 2023
2023-02-23 06:48:43,395 test2 2 printing 9 Thu Feb 23 06:48:43 2023
2023-02-23 06:49:43,048 Making thread 5
2023-02-23 06:49:43,988 [<Thread(Thread-92 (test3), initial)>, <Thread(Thread-93 (test3), initial)>, <Thread(Thread-94 (test3), initial)>]
2023-02-23 06:49:45,509 Running thread 5
2023-02-23 06:49:45,509 test3 id is 0 has increased the shared variable by 1
2023-02-23 06:49:45,510 test3 id is 1 has increased the shared variable by 2
2023-02-23 06:49:45,510 test3 id is 2 has increased the shared variable by 3
2023-02-23 06:51:03,489 Making thread 6
2023-02-23 06:51:18,761 [<Thread(Thread-95 (test4), initial)>, <Thread(Thread-96 (test4), initial)>, <Thread(Thread-97 (test4), initial)>]
2023-02-23 06:51:35,759 Running thread 6
2023-02-23 06:51:35,760 test3 id is 0 has increased the shared variable by 4
2023-02-23 06:51:36,761 test3 id is 1 has increased the shared variable by 5
2023-02-23 06:51:37,763 test3 id is 2 has increased the shared variable by 6
2023-02-23 06:52:35,209 Making thread 6
2023-02-23 06:52:36,173 [<Thread(Thread-98 (test4), initial)>, <Thread(Thread-99 (test4), initial)>, <Thread(Thread-100 (test4), initial)>]
2023-02-23 06:52:37,249 Running thread 6
2023-02-23 06:53:05,153 Making thread 6
2023-02-23 06:53:05,533 [<Thread(Thread-101 (test4), initial)>, <Thread(Thread-102 (test4), initial)>, <Thread(Thread-103 (test4), initial)>]
2023-02-23 06:53:07,548 Running thread 6
2023-02-23 06:53:07,549 test3 id is 0 has increased the shared variable by 1
2023-02-23 06:53:08,550 test3 id is 1 has increased the shared variable by 2
2023-02-23 06:53:09,552 test3 id is 2 has increased the shared variable by 3
